2019-12-24 13:52:24,834 INFO o.s.b.StartupInfoLogger [main] Starting RestJwtPostgresApplication on user-H310M-H with PID 30653 (/home/user/IdeaProjects/Learning/Spring-boot-jwt-jpa/target/classes started by user in /home/user/IdeaProjects/Learning/Spring-boot-jwt-jpa)
2019-12-24 13:52:24,863 DEBUG o.s.b.StartupInfoLogger [main] Running with Spring Boot v2.2.2.RELEASE, Spring v5.2.2.RELEASE
2019-12-24 13:52:24,864 INFO o.s.b.SpringApplication [main] No active profile set, falling back to default profiles: default
2019-12-24 13:52:25,442 INFO o.s.d.r.c.RepositoryConfigurationDelegate [main] Bootstrapping Spring Data JPA repositories in DEFAULT mode.
2019-12-24 13:52:25,486 INFO o.s.d.r.c.RepositoryConfigurationDelegate [main] Finished Spring Data repository scanning in 38ms. Found 1 JPA repository interfaces.
2019-12-24 13:52:25,757 INFO o.s.c.s.PostProcessorRegistrationDelegate$BeanPostProcessorChecker [main] Bean 'org.springframework.transaction.annotation.ProxyTransactionManagementConfiguration' of type [org.springframework.transaction.annotation.ProxyTransactionManagementConfiguration] is not eligible for getting processed by all BeanPostProcessors (for example: not eligible for auto-proxying)
2019-12-24 13:52:25,778 INFO o.s.c.s.PostProcessorRegistrationDelegate$BeanPostProcessorChecker [main] Bean 'org.springframework.security.config.annotation.configuration.ObjectPostProcessorConfiguration' of type [org.springframework.security.config.annotation.configuration.ObjectPostProcessorConfiguration] is not eligible for getting processed by all BeanPostProcessors (for example: not eligible for auto-proxying)
2019-12-24 13:52:25,781 INFO o.s.c.s.PostProcessorRegistrationDelegate$BeanPostProcessorChecker [main] Bean 'objectPostProcessor' of type [org.springframework.security.config.annotation.configuration.AutowireBeanFactoryObjectPostProcessor] is not eligible for getting processed by all BeanPostProcessors (for example: not eligible for auto-proxying)
2019-12-24 13:52:25,783 INFO o.s.c.s.PostProcessorRegistrationDelegate$BeanPostProcessorChecker [main] Bean 'org.springframework.security.access.expression.method.DefaultMethodSecurityExpressionHandler@432af457' of type [org.springframework.security.access.expression.method.DefaultMethodSecurityExpressionHandler] is not eligible for getting processed by all BeanPostProcessors (for example: not eligible for auto-proxying)
2019-12-24 13:52:25,786 INFO o.s.c.s.PostProcessorRegistrationDelegate$BeanPostProcessorChecker [main] Bean 'org.springframework.security.config.annotation.method.configuration.GlobalMethodSecurityConfiguration' of type [org.springframework.security.config.annotation.method.configuration.GlobalMethodSecurityConfiguration] is not eligible for getting processed by all BeanPostProcessors (for example: not eligible for auto-proxying)
2019-12-24 13:52:25,789 INFO o.s.c.s.PostProcessorRegistrationDelegate$BeanPostProcessorChecker [main] Bean 'methodSecurityMetadataSource' of type [org.springframework.security.access.method.DelegatingMethodSecurityMetadataSource] is not eligible for getting processed by all BeanPostProcessors (for example: not eligible for auto-proxying)
2019-12-24 13:52:25,968 INFO o.s.b.w.e.t.TomcatWebServer [main] Tomcat initialized with port(s): 8080 (http)
2019-12-24 13:52:25,977 INFO o.a.j.l.DirectJDKLog [main] Initializing ProtocolHandler ["http-nio-8080"]
2019-12-24 13:52:25,978 INFO o.a.j.l.DirectJDKLog [main] Starting service [Tomcat]
2019-12-24 13:52:25,978 INFO o.a.j.l.DirectJDKLog [main] Starting Servlet engine: [Apache Tomcat/9.0.29]
2019-12-24 13:52:26,072 INFO o.a.j.l.DirectJDKLog [main] Initializing Spring embedded WebApplicationContext
2019-12-24 13:52:26,072 INFO o.s.b.w.s.c.ServletWebServerApplicationContext [main] Root WebApplicationContext: initialization completed in 1181 ms
2019-12-24 13:52:26,208 INFO o.h.j.i.u.LogHelper [main] HHH000204: Processing PersistenceUnitInfo [name: default]
2019-12-24 13:52:26,254 INFO o.h.Version [main] HHH000412: Hibernate Core {5.4.9.Final}
2019-12-24 13:52:26,337 INFO o.h.a.c.r.j.JavaReflectionManager [main] HCANN000001: Hibernate Commons Annotations {5.1.0.Final}
2019-12-24 13:52:26,399 INFO c.z.h.HikariDataSource [main] HikariPool-1 - Starting...
2019-12-24 13:52:26,546 INFO c.z.h.HikariDataSource [main] HikariPool-1 - Start completed.
2019-12-24 13:52:26,560 INFO o.h.d.Dialect [main] HHH000400: Using dialect: org.hibernate.dialect.PostgreSQLDialect
2019-12-24 13:52:26,997 WARN o.h.e.j.s.SqlExceptionHelper$StandardWarningHandler [main] SQL Warning Code: 0, SQLState: 00000
2019-12-24 13:52:26,997 WARN o.h.e.j.s.SqlExceptionHelper$StandardWarningHandler [main] table "users" does not exist, skipping
2019-12-24 13:52:27,023 INFO o.h.e.t.j.p.i.JtaPlatformInitiator [main] HHH000490: Using JtaPlatform implementation: [org.hibernate.engine.transaction.jta.platform.internal.NoJtaPlatform]
2019-12-24 13:52:27,027 INFO o.s.o.j.AbstractEntityManagerFactoryBean [main] Initialized JPA EntityManagerFactory for persistence unit 'default'
2019-12-24 13:52:27,266 WARN o.s.b.a.o.j.JpaBaseConfiguration$JpaWebConfiguration [main] spring.jpa.open-in-view is enabled by default. Therefore, database queries may be performed during view rendering. Explicitly configure spring.jpa.open-in-view to disable this warning
2019-12-24 13:52:27,348 DEBUG o.s.w.f.GenericFilterBean [main] Filter 'jwtRequestFilter' configured for use
2019-12-24 13:52:27,715 INFO s.d.s.w.PropertySourcedRequestMappingHandlerMapping [main] Mapped URL path [/v2/api-docs] onto method [springfox.documentation.swagger2.web.Swagger2Controller#getDocumentation(String, HttpServletRequest)]
2019-12-24 13:52:27,821 INFO o.s.s.w.DefaultSecurityFilterChain [main] Creating filter chain: any request, [org.springframework.security.web.context.request.async.WebAsyncManagerIntegrationFilter@7b9f7087, org.springframework.security.web.context.SecurityContextPersistenceFilter@491f3fb0, org.springframework.security.web.header.HeaderWriterFilter@434a2a10, org.springframework.security.web.authentication.logout.LogoutFilter@2709e075, com.full.circle.registration.restjwtpostgres.config.JwtRequestFilter@7890fbf9, org.springframework.security.web.savedrequest.RequestCacheAwareFilter@58a0f75b, org.springframework.security.web.servletapi.SecurityContextHolderAwareRequestFilter@4a778943, org.springframework.security.web.authentication.AnonymousAuthenticationFilter@22e650e, org.springframework.security.web.session.SessionManagementFilter@134ec0f3, org.springframework.security.web.access.ExceptionTranslationFilter@684eb4a0, org.springframework.security.web.access.intercept.FilterSecurityInterceptor@5d10e2b6]
2019-12-24 13:52:27,937 INFO s.d.s.w.p.DocumentationPluginsBootstrapper [main] Context refreshed
2019-12-24 13:52:27,949 INFO s.d.s.w.p.DocumentationPluginsBootstrapper [main] Found 1 custom documentation plugin(s)
2019-12-24 13:52:27,971 INFO s.d.s.w.s.ApiListingReferenceScanner [main] Scanning for api listing references
2019-12-24 13:52:28,121 INFO o.a.j.l.DirectJDKLog [main] Starting ProtocolHandler ["http-nio-8080"]
2019-12-24 13:52:28,141 INFO o.s.b.w.e.t.TomcatWebServer [main] Tomcat started on port(s): 8080 (http) with context path ''
2019-12-24 13:52:28,147 INFO o.s.b.StartupInfoLogger [main] Started RestJwtPostgresApplication in 3.832 seconds (JVM running for 4.365)
2019-12-24 13:55:39,634 INFO o.s.o.j.AbstractEntityManagerFactoryBean [SpringContextShutdownHook] Closing JPA EntityManagerFactory for persistence unit 'default'
2019-12-24 13:55:39,635 INFO o.h.t.s.i.SchemaDropperImpl$DelayedDropActionImpl [SpringContextShutdownHook] HHH000477: Starting delayed evictData of schema as part of SessionFactory shut-down'
2019-12-24 13:55:39,643 INFO c.z.h.HikariDataSource [SpringContextShutdownHook] HikariPool-1 - Shutdown initiated...
2019-12-24 13:55:39,652 INFO c.z.h.HikariDataSource [SpringContextShutdownHook] HikariPool-1 - Shutdown completed.
